I0421 15:16:05.873525   27644 load.go:31] Reloading schema and connectors...
I0421 15:16:05.909021   27644 control.go:100] [projects/emulator/locations/emulator/services/nikat ea0d] UpdateResources(): done
Main schema: sources: schema\schema.gql [1992B] 
Connector "example": sources: example\mutations.gql [1243B] example\queries.gql [1801B] 
I0421 15:16:05.934225   27644 codegen.go:101] [connector "example" javascriptSdk] Generating sources into "C:\\Users\\hp\\Downloads\\NIKAT\\src\\dataconnect-generated"
I0421 15:16:05.954741   27644 collector.go:107] schema extensions wrote into "C:\\Users\\hp\\Downloads\\NIKAT\\dataconnect\\.dataconnect\\schema"
Generated sources: main\mutation.gql [13679B] main\implicit.gql [1261B] main\input.gql [28927B] main\relation.gql [14318B] main\query.gql [5099B] prelude.gql [82799B] 
I0421 15:16:06.002271   27644 collector.go:107] connector "example" javascriptSdk wrote into "C:\\Users\\hp\\Downloads\\NIKAT\\src\\dataconnect-generated"
Generated sources: esm\package.json [17B] package.json [853B] react\index.d.ts [3961B] react\package.json [460B] react\README.md [48299B] index.d.ts [8426B] react\esm\index.esm.js [3269B] esm\index.esm.js [5263B] index.cjs.js [5807B] react\index.cjs.js [3439B] README.md [41235B] react\esm\package.json [17B] .guides/setup.md [1682B] .guides/config.json [236B] .guides/usage.md [3489B] 
I0421 15:16:06.027397   27644 installsdk.go:55] Package @dataconnect/generated is already installed. Skipping installation
I0421 15:16:06.028418   27644 load.go:109] Finished reloading
I0421 15:16:06.031813   27644 dev.go:104] Listening on address (HTTP + gRPC): 127.0.0.1:9399
I0421 15:16:06.032653   27644 dev.go:104] Listening on address (HTTP + gRPC): [::1]:9399
I0421 15:16:13.756404   27644 migrate.go:24] Running migration SQL:
Step 1: CREATE EXTENSION IF NOT EXISTS "uuid-ossp"
Step 2: CREATE TABLE "public"."movie" ("id" uuid NOT NULL DEFAULT uuid_generate_v4(), "genre" text NULL, "image_url" text NOT NULL, "title" text NOT NULL, PRIMARY KEY ("id"))
Step 3: CREATE TABLE "public"."user" ("id" text NOT NULL, "username" character varying(50) NOT NULL, PRIMARY KEY ("id"))
Step 4: CREATE TABLE "public"."Reviews" ("movie_id" uuid NOT NULL, "user_id" text NOT NULL, "rating" integer NULL, "review_date" date NOT NULL, "review_text" text NULL, PRIMARY KEY ("movie_id", "user_id"), CONSTRAINT "Reviews_movie_id_fkey" FOREIGN KEY ("movie_id") REFERENCES "public"."movie" ("id") ON DELETE CASCADE, CONSTRAINT "Reviews_user_id_fkey" FOREIGN KEY ("user_id") REFERENCES "public"."user" ("id") ON DELETE CASCADE)
Step 5: CREATE INDEX "Reviews_movieId_idx" ON "public"."Reviews" ("movie_id")
Step 6: CREATE INDEX "Reviews_userId_idx" ON "public"."Reviews" ("user_id")
Step 7: CREATE TABLE "public"."movie_metadata" ("id" uuid NOT NULL DEFAULT uuid_generate_v4(), "movie_id" uuid NOT NULL, "description" text NULL, "rating" double precision NULL, "release_year" integer NULL, PRIMARY KEY ("id"), CONSTRAINT "movie_metadata_movie_id_fkey" FOREIGN KEY ("movie_id") REFERENCES "public"."movie" ("id") ON DELETE CASCADE)
Step 8: CREATE INDEX "movie_metadata_movieId_idx" ON "public"."movie_metadata" ("movie_id")
Step 9: CREATE UNIQUE INDEX "movie_metadata_movieId_uidx" ON "public"."movie_metadata" ("movie_id")
I0421 15:16:14.068124   27644 control.go:100] [projects/emulator/locations/emulator/services/nikat 7c1c] UpdateResources(): done
Main schema: sources: schema\schema.gql [1992B] 
Connector "example": sources: example\mutations.gql [1243B] example\queries.gql [1801B] 
I0421 15:16:14.086330   27644 configure_emulator.go:21] ConfigureEmulator successed
Request: service_id:  "nikat"
connection_string:  "postgres://127.0.0.1:5432/fdcdb?sslmode=disable"
database:  "fdcdb"

Response: 
