[debug] [2026-04-21T09:07:42.741Z] [Firebase Plugin] Activating Firebase extension.
[debug] [2026-04-21T09:07:55.116Z] [Firebase Plugin] requireAuthWrapper
[debug] [2026-04-21T09:07:55.118Z] > command requires scopes: ["email","openid","https://www.googleapis.com/auth/cloudplatformprojects.readonly","https://www.googleapis.com/auth/firebase","https://www.googleapis.com/auth/cloud-platform"]
[debug] [2026-04-21T09:07:55.119Z] > authorizing via signed-in user (barelanilesh483@gmail.com)
[debug] [2026-04-21T09:07:55.123Z] Checked if tokens are valid: false, expires at: 1776762038993
[debug] [2026-04-21T09:07:55.123Z] Checked if tokens are valid: false, expires at: 1776762038993
[debug] [2026-04-21T09:07:55.124Z] > refreshing access token with scopes: []
[debug] [2026-04-21T09:07:55.126Z] >>> [apiv2][query] POST https://www.googleapis.com/oauth2/v3/token [none]
[debug] [2026-04-21T09:07:55.126Z] >>> [apiv2][body] POST https://www.googleapis.com/oauth2/v3/token [omitted]
[debug] [2026-04-21T09:07:55.140Z] [Firebase Plugin] VSCode notification server listening on port 40001
[info] [Firebase Plugin] Starting SQL Connect toolkit (version 3.4.5) on port 50002
[debug] [2026-04-21T09:07:55.929Z] I0421 14:37:55.904399    3996 control.go:100] [projects/emulator/locations/emulator/services/nikat b8ab] UpdateResources(): done
Main schema: sources: schema\schema.gql [1992B] 
Connector "example": sources: example\mutations.gql [1243B] example\queries.gql [1801B] 
 {"metadata":{"emulator":{"name":"dataconnect"},"message":"I0421 14:37:55.904399    3996 control.go:100] [projects/emulator/locations/emulator/services/nikat b8ab] UpdateResources(): done\nMain schema: sources: schema\\schema.gql [1992B] \nConnector \"example\": sources: example\\mutations.gql [1243B] example\\queries.gql [1801B] \n"}}
[debug] [2026-04-21T09:07:55.931Z] Ignoring unsupported arg: auto_download {"metadata":{"emulator":{"name":"dataconnect"},"message":"Ignoring unsupported arg: auto_download"}}
[debug] [2026-04-21T09:07:55.931Z] Ignoring unsupported arg: port {"metadata":{"emulator":{"name":"dataconnect"},"message":"Ignoring unsupported arg: port"}}
[debug] [2026-04-21T09:07:55.932Z] Starting SQL Connect Emulator with command {"binary":"C:\\Users\\hp\\.cache\\firebase\\emulators\\dataconnect-emulator-3.4.5.exe","args":["--logtostderr","-v=2","dev","--listen=localhost:50002","--config_dir=c:\\Users\\hp\\Downloads\\NIKAT\\dataconnect","--enable_output_schema_extensions=true","--enable_output_generated_sdk=true"],"optionalArgs":["listen","config_dir","enable_output_schema_extensions","enable_output_generated_sdk"],"joinArgs":true,"shell":false,"port":9399} {"metadata":{"emulator":{"name":"dataconnect"},"message":"Starting SQL Connect Emulator with command {\"binary\":\"C:\\\\Users\\\\hp\\\\.cache\\\\firebase\\\\emulators\\\\dataconnect-emulator-3.4.5.exe\",\"args\":[\"--logtostderr\",\"-v=2\",\"dev\",\"--listen=localhost:50002\",\"--config_dir=c:\\\\Users\\\\hp\\\\Downloads\\\\NIKAT\\\\dataconnect\",\"--enable_output_schema_extensions=true\",\"--enable_output_generated_sdk=true\"],\"optionalArgs\":[\"listen\",\"config_dir\",\"enable_output_schema_extensions\",\"enable_output_generated_sdk\"],\"joinArgs\":true,\"shell\":false,\"port\":9399}"}}
[info] i  dataconnect: SQL Connect Emulator logging to dataconnect-debug.log {"metadata":{"emulator":{"name":"dataconnect"},"message":"SQL Connect Emulator logging to \u001b[1mdataconnect-debug.log\u001b[22m"}}
[debug] [2026-04-21T09:07:56.031Z] I0421 14:37:55.990709   17512 load.go:31] Reloading schema and connectors...
I0421 14:37:56.023198   17512 control.go:100] [projects/emulator/locations/emulator/services/nikat b97c] UpdateResources(): done
Main schema: sources: schema\schema.gql [1992B] 
Connector "example": sources: example\mutations.gql [1243B] example\queries.gql [1801B] 
 {"metadata":{"emulator":{"name":"dataconnect"},"message":"I0421 14:37:55.990709   17512 load.go:31] Reloading schema and connectors...\nI0421 14:37:56.023198   17512 control.go:100] [projects/emulator/locations/emulator/services/nikat b97c] UpdateResources(): done\nMain schema: sources: schema\\schema.gql [1992B] \nConnector \"example\": sources: example\\mutations.gql [1243B] example\\queries.gql [1801B] \n"}}
[debug] [2026-04-21T09:07:56.087Z] I0421 14:37:56.054135   17512 codegen.go:101] [connector "example" javascriptSdk] Generating sources into "c:\\Users\\hp\\Downloads\\NIKAT\\src\\dataconnect-generated"
 {"metadata":{"emulator":{"name":"dataconnect"},"message":"I0421 14:37:56.054135   17512 codegen.go:101] [connector \"example\" javascriptSdk] Generating sources into \"c:\\\\Users\\\\hp\\\\Downloads\\\\NIKAT\\\\src\\\\dataconnect-generated\"\n"}}
[debug] [2026-04-21T09:07:56.147Z] I0421 14:37:56.099241   17512 collector.go:107] schema extensions wrote into "c:\\Users\\hp\\Downloads\\NIKAT\\dataconnect\\.dataconnect\\schema"
Generated sources: main\query.gql [5099B] main\mutation.gql [13679B] prelude.gql [82799B] main\implicit.gql [1261B] main\input.gql [28927B] main\relation.gql [14318B] 
I0421 14:37:56.119341   17512 collector.go:107] connector "example" javascriptSdk wrote into "c:\\Users\\hp\\Downloads\\NIKAT\\src\\dataconnect-generated"
Generated sources: react\index.cjs.js [3439B] .guides/usage.md [3489B] .guides/setup.md [1682B] esm\package.json [17B] README.md [41235B] react\esm\index.esm.js [3269B] react\index.d.ts [3961B] react\package.json [460B] react\esm\package.json [17B] react\README.md [48299B] .guides/config.json [236B] index.d.ts [8426B] esm\index.esm.js [5263B] index.cjs.js [5807B] package.json [853B] 
 {"metadata":{"emulator":{"name":"dataconnect"},"message":"I0421 14:37:56.099241   17512 collector.go:107] schema extensions wrote into \"c:\\\\Users\\\\hp\\\\Downloads\\\\NIKAT\\\\dataconnect\\\\.dataconnect\\\\schema\"\nGenerated sources: main\\query.gql [5099B] main\\mutation.gql [13679B] prelude.gql [82799B] main\\implicit.gql [1261B] main\\input.gql [28927B] main\\relation.gql [14318B] \nI0421 14:37:56.119341   17512 collector.go:107] connector \"example\" javascriptSdk wrote into \"c:\\\\Users\\\\hp\\\\Downloads\\\\NIKAT\\\\src\\\\dataconnect-generated\"\nGenerated sources: react\\index.cjs.js [3439B] .guides/usage.md [3489B] .guides/setup.md [1682B] esm\\package.json [17B] README.md [41235B] react\\esm\\index.esm.js [3269B] react\\index.d.ts [3961B] react\\package.json [460B] react\\esm\\package.json [17B] react\\README.md [48299B] .guides/config.json [236B] index.d.ts [8426B] esm\\index.esm.js [5263B] index.cjs.js [5807B] package.json [853B] \n"}}
[debug] [2026-04-21T09:07:56.533Z] I0421 14:37:56.458017   17512 installsdk.go:55] Package @dataconnect/generated is already installed. Skipping installation
I0421 14:37:56.458523   17512 load.go:109] Finished reloading
 {"metadata":{"emulator":{"name":"dataconnect"},"message":"I0421 14:37:56.458017   17512 installsdk.go:55] Package @dataconnect/generated is already installed. Skipping installation\nI0421 14:37:56.458523   17512 load.go:109] Finished reloading\n"}}
[debug] [2026-04-21T09:07:56.547Z] <<< [apiv2][status] POST https://www.googleapis.com/oauth2/v3/token 200
[debug] [2026-04-21T09:07:56.548Z] <<< [apiv2][body] POST https://www.googleapis.com/oauth2/v3/token [omitted]
[debug] [2026-04-21T09:07:56.560Z] [Firebase Plugin] User found:  barelanilesh483@gmail.com
[info] [Firebase Plugin] (Core:Project) New user detected, fetching projects
[debug] [2026-04-21T09:07:56.563Z] Checked if tokens are valid: true, expires at: 1776766075548
[debug] [2026-04-21T09:07:56.564Z] >>> [apiv2][query] GET https://firebase.googleapis.com/v1beta1/projects pageSize=1000
[debug] [2026-04-21T09:07:56.628Z] I0421 14:37:56.558417   17512 dev.go:104] Listening on address (HTTP + gRPC): 127.0.0.1:50002
 {"metadata":{"emulator":{"name":"dataconnect"},"message":"I0421 14:37:56.558417   17512 dev.go:104] Listening on address (HTTP + gRPC): 127.0.0.1:50002\n"}}
[debug] [2026-04-21T09:07:56.863Z] I0421 14:37:56.833866   17512 engine.go:209] [projects/emulator/locations/emulator/services/nikat b97c] ExecuteGraphqlRead query IntrospectionQuery: succeeded. 
 {"metadata":{"emulator":{"name":"dataconnect"},"message":"I0421 14:37:56.833866   17512 engine.go:209] [projects/emulator/locations/emulator/services/nikat b97c] ExecuteGraphqlRead query IntrospectionQuery: succeeded. \n"}}
[debug] [2026-04-21T09:07:58.347Z] <<< [apiv2][status] GET https://firebase.googleapis.com/v1beta1/projects 200
[debug] [2026-04-21T09:07:58.347Z] <<< [apiv2][body] GET https://firebase.googleapis.com/v1beta1/projects [omitted]
[debug] [2026-04-21T09:38:50.361Z] [Firebase Plugin] Activating Firebase extension.
[debug] [2026-04-21T09:39:05.680Z] [Firebase Plugin] requireAuthWrapper
[debug] [2026-04-21T09:39:05.682Z] > command requires scopes: ["email","openid","https://www.googleapis.com/auth/cloudplatformprojects.readonly","https://www.googleapis.com/auth/firebase","https://www.googleapis.com/auth/cloud-platform"]
[debug] [2026-04-21T09:39:05.683Z] > authorizing via signed-in user (barelanilesh483@gmail.com)
[debug] [2026-04-21T09:39:05.688Z] Checked if tokens are valid: true, expires at: 1776766075548
[debug] [2026-04-21T09:39:05.689Z] Checked if tokens are valid: true, expires at: 1776766075548
[debug] [2026-04-21T09:39:05.689Z] [Firebase Plugin] User found:  barelanilesh483@gmail.com
[info] [Firebase Plugin] (Core:Project) New user detected, fetching projects
[debug] [2026-04-21T09:39:05.691Z] Checked if tokens are valid: true, expires at: 1776766075548
[debug] [2026-04-21T09:39:05.694Z] >>> [apiv2][query] GET https://firebase.googleapis.com/v1beta1/projects pageSize=1000
[debug] [2026-04-21T09:39:05.710Z] [Firebase Plugin] VSCode notification server listening on port 40001
[info] [Firebase Plugin] Starting SQL Connect toolkit (version 3.4.5) on port 50003
[debug] [2026-04-21T09:39:06.679Z] I0421 15:09:06.648963   23860 control.go:100] [projects/emulator/locations/emulator/services/nikat 5bf6] UpdateResources(): done
Main schema: sources: schema\schema.gql [1992B] 
Connector "example": sources: example\mutations.gql [1243B] example\queries.gql [1801B] 
 {"metadata":{"emulator":{"name":"dataconnect"},"message":"I0421 15:09:06.648963   23860 control.go:100] [projects/emulator/locations/emulator/services/nikat 5bf6] UpdateResources(): done\nMain schema: sources: schema\\schema.gql [1992B] \nConnector \"example\": sources: example\\mutations.gql [1243B] example\\queries.gql [1801B] \n"}}
[debug] [2026-04-21T09:39:06.681Z] Ignoring unsupported arg: auto_download {"metadata":{"emulator":{"name":"dataconnect"},"message":"Ignoring unsupported arg: auto_download"}}
[debug] [2026-04-21T09:39:06.682Z] Ignoring unsupported arg: port {"metadata":{"emulator":{"name":"dataconnect"},"message":"Ignoring unsupported arg: port"}}
[debug] [2026-04-21T09:39:06.682Z] Starting SQL Connect Emulator with command {"binary":"C:\\Users\\hp\\.cache\\firebase\\emulators\\dataconnect-emulator-3.4.5.exe","args":["--logtostderr","-v=2","dev","--listen=localhost:50003","--config_dir=c:\\Users\\hp\\Downloads\\NIKAT\\dataconnect","--enable_output_schema_extensions=true","--enable_output_generated_sdk=true"],"optionalArgs":["listen","config_dir","enable_output_schema_extensions","enable_output_generated_sdk"],"joinArgs":true,"shell":false,"port":9399} {"metadata":{"emulator":{"name":"dataconnect"},"message":"Starting SQL Connect Emulator with command {\"binary\":\"C:\\\\Users\\\\hp\\\\.cache\\\\firebase\\\\emulators\\\\dataconnect-emulator-3.4.5.exe\",\"args\":[\"--logtostderr\",\"-v=2\",\"dev\",\"--listen=localhost:50003\",\"--config_dir=c:\\\\Users\\\\hp\\\\Downloads\\\\NIKAT\\\\dataconnect\",\"--enable_output_schema_extensions=true\",\"--enable_output_generated_sdk=true\"],\"optionalArgs\":[\"listen\",\"config_dir\",\"enable_output_schema_extensions\",\"enable_output_generated_sdk\"],\"joinArgs\":true,\"shell\":false,\"port\":9399}"}}
[info] i  dataconnect: SQL Connect Emulator logging to dataconnect-debug.log {"metadata":{"emulator":{"name":"dataconnect"},"message":"SQL Connect Emulator logging to \u001b[1mdataconnect-debug.log\u001b[22m"}}
[debug] [2026-04-21T09:39:06.982Z] I0421 15:09:06.763649    3544 load.go:31] Reloading schema and connectors...
I0421 15:09:06.806584    3544 control.go:100] [projects/emulator/locations/emulator/services/nikat 3e42] UpdateResources(): done
Main schema: sources: schema\schema.gql [1992B] 
Connector "example": sources: example\mutations.gql [1243B] example\queries.gql [1801B] 
I0421 15:09:06.846113    3544 codegen.go:101] [connector "example" javascriptSdk] Generating sources into "c:\\Users\\hp\\Downloads\\NIKAT\\src\\dataconnect-generated"
I0421 15:09:06.890370    3544 collector.go:107] schema extensions wrote into "c:\\Users\\hp\\Downloads\\NIKAT\\dataconnect\\.dataconnect\\schema"
Generated sources: main\query.gql [5099B] main\mutation.gql [13679B] prelude.gql [82799B] main\implicit.gql [1261B] main\input.gql [28927B] main\relation.gql [14318B] 
I0421 15:09:06.906594    3544 collector.go:107] connector "example" javascriptSdk wrote into "c:\\Users\\hp\\Downloads\\NIKAT\\src\\dataconnect-generated"
Generated sources: index.d.ts [8426B] esm\index.esm.js [5263B] README.md [41235B] react\package.json [460B] package.json [853B] react\esm\package.json [17B] react\README.md [48299B] .guides/setup.md [1682B] .guides/config.json [236B] esm\package.json [17B] react\index.cjs.js [3439B] .guides/usage.md [3489B] index.cjs.js [5807B] react\index.d.ts [3961B] react\esm\index.esm.js [3269B] 
 {"metadata":{"emulator":{"name":"dataconnect"},"message":"I0421 15:09:06.763649    3544 load.go:31] Reloading schema and connectors...\nI0421 15:09:06.806584    3544 control.go:100] [projects/emulator/locations/emulator/services/nikat 3e42] UpdateResources(): done\nMain schema: sources: schema\\schema.gql [1992B] \nConnector \"example\": sources: example\\mutations.gql [1243B] example\\queries.gql [1801B] \nI0421 15:09:06.846113    3544 codegen.go:101] [connector \"example\" javascriptSdk] Generating sources into \"c:\\\\Users\\\\hp\\\\Downloads\\\\NIKAT\\\\src\\\\dataconnect-generated\"\nI0421 15:09:06.890370    3544 collector.go:107] schema extensions wrote into \"c:\\\\Users\\\\hp\\\\Downloads\\\\NIKAT\\\\dataconnect\\\\.dataconnect\\\\schema\"\nGenerated sources: main\\query.gql [5099B] main\\mutation.gql [13679B] prelude.gql [82799B] main\\implicit.gql [1261B] main\\input.gql [28927B] main\\relation.gql [14318B] \nI0421 15:09:06.906594    3544 collector.go:107] connector \"example\" javascriptSdk wrote into \"c:\\\\Users\\\\hp\\\\Downloads\\\\NIKAT\\\\src\\\\dataconnect-generated\"\nGenerated sources: index.d.ts [8426B] esm\\index.esm.js [5263B] README.md [41235B] react\\package.json [460B] package.json [853B] react\\esm\\package.json [17B] react\\README.md [48299B] .guides/setup.md [1682B] .guides/config.json [236B] esm\\package.json [17B] react\\index.cjs.js [3439B] .guides/usage.md [3489B] index.cjs.js [5807B] react\\index.d.ts [3961B] react\\esm\\index.esm.js [3269B] \n"}}
[debug] [2026-04-21T09:39:07.106Z] I0421 15:09:07.008151    3544 installsdk.go:55] Package @dataconnect/generated is already installed. Skipping installation
I0421 15:09:07.008151    3544 load.go:109] Finished reloading
I0421 15:09:07.072181    3544 dev.go:104] Listening on address (HTTP + gRPC): 127.0.0.1:50003
 {"metadata":{"emulator":{"name":"dataconnect"},"message":"I0421 15:09:07.008151    3544 installsdk.go:55] Package @dataconnect/generated is already installed. Skipping installation\nI0421 15:09:07.008151    3544 load.go:109] Finished reloading\nI0421 15:09:07.072181    3544 dev.go:104] Listening on address (HTTP + gRPC): 127.0.0.1:50003\n"}}
[debug] [2026-04-21T09:39:07.905Z] I0421 15:09:07.899125    3544 engine.go:209] [projects/emulator/locations/emulator/services/nikat 3e42] ExecuteGraphqlRead query IntrospectionQuery: succeeded. 
 {"metadata":{"emulator":{"name":"dataconnect"},"message":"I0421 15:09:07.899125    3544 engine.go:209] [projects/emulator/locations/emulator/services/nikat 3e42] ExecuteGraphqlRead query IntrospectionQuery: succeeded. \n"}}
[debug] [2026-04-21T09:39:08.328Z] <<< [apiv2][status] GET https://firebase.googleapis.com/v1beta1/projects 200
[debug] [2026-04-21T09:39:08.330Z] <<< [apiv2][body] GET https://firebase.googleapis.com/v1beta1/projects [omitted]
[debug] [2026-04-21T09:45:07.397Z] [Firebase Plugin] Value of process.env.MONOSPACE_ENV: undefined
[debug] [2026-04-21T09:45:07.398Z] [Firebase Plugin] requireAuthWrapper
[debug] [2026-04-21T09:45:07.399Z] > command requires scopes: ["email","openid","https://www.googleapis.com/auth/cloudplatformprojects.readonly","https://www.googleapis.com/auth/firebase","https://www.googleapis.com/auth/cloud-platform"]
[debug] [2026-04-21T09:45:07.400Z] > authorizing via signed-in user (barelanilesh483@gmail.com)
[debug] [2026-04-21T09:45:07.401Z] Checked if tokens are valid: true, expires at: 1776766075548
[debug] [2026-04-21T09:45:07.402Z] [Firebase Plugin] User found:  barelanilesh483@gmail.com
[info] [Firebase Plugin] (Core:Project) New user detected, fetching projects
[debug] [2026-04-21T09:45:07.404Z] Checked if tokens are valid: true, expires at: 1776766075548
[debug] [2026-04-21T09:45:07.406Z] >>> [apiv2][query] GET https://firebase.googleapis.com/v1beta1/projects pageSize=1000
[debug] [2026-04-21T09:45:07.422Z] [Firebase Plugin] Value of process.env.MONOSPACE_ENV: undefined
[debug] [2026-04-21T09:45:07.423Z] [Firebase Plugin] requireAuthWrapper
[debug] [2026-04-21T09:45:07.424Z] > command requires scopes: ["email","openid","https://www.googleapis.com/auth/cloudplatformprojects.readonly","https://www.googleapis.com/auth/firebase","https://www.googleapis.com/auth/cloud-platform"]
[debug] [2026-04-21T09:45:07.424Z] > authorizing via signed-in user (barelanilesh483@gmail.com)
[debug] [2026-04-21T09:45:07.425Z] Checked if tokens are valid: true, expires at: 1776766075548
[debug] [2026-04-21T09:45:07.425Z] [Firebase Plugin] User found:  barelanilesh483@gmail.com
[info] [Firebase Plugin] (Core:Project) New user detected, fetching projects
[debug] [2026-04-21T09:45:07.426Z] Checked if tokens are valid: true, expires at: 1776766075548
[debug] [2026-04-21T09:45:07.427Z] >>> [apiv2][query] GET https://firebase.googleapis.com/v1beta1/projects pageSize=1000
[debug] [2026-04-21T09:45:08.530Z] <<< [apiv2][status] GET https://firebase.googleapis.com/v1beta1/projects 200
[debug] [2026-04-21T09:45:08.531Z] <<< [apiv2][body] GET https://firebase.googleapis.com/v1beta1/projects [omitted]
[debug] [2026-04-21T09:45:08.532Z] <<< [apiv2][status] GET https://firebase.googleapis.com/v1beta1/projects 200
[debug] [2026-04-21T09:45:08.532Z] <<< [apiv2][body] GET https://firebase.googleapis.com/v1beta1/projects [omitted]
[debug] [2026-04-21T09:46:14.401Z] [Firebase Plugin] Received emulators started notification. Running detection.
[debug] [2026-04-21T09:46:14.402Z] Found emulator hub locator: {"version":"15.15.0","origins":["http://127.0.0.1:4400","http://[::1]:4400"],"pid":23792}
[debug] [2026-04-21T09:46:14.403Z] >>> [apiv2][query] GET http://127.0.0.1:4400/emulators [none]
[debug] [2026-04-21T09:46:16.383Z] <<< [apiv2][status] GET http://127.0.0.1:4400/emulators 200
[debug] [2026-04-21T09:46:16.383Z] <<< [apiv2][body] GET http://127.0.0.1:4400/emulators {"hub":{"listen":[{"address":"127.0.0.1","family":"IPv4","port":4400},{"address":"::1","family":"IPv6","port":4400}],"name":"hub","host":"127.0.0.1","port":4400},"logging":{"listen":[{"address":"127.0.0.1","family":"IPv4","port":4500}],"name":"logging","host":"127.0.0.1","port":4500},"dataconnect":{"listen":[{"address":"127.0.0.1","family":"IPv4","port":9399},{"address":"::1","family":"IPv6","port":9399}],"name":"dataconnect","host":"127.0.0.1","port":9399,"pid":27644,"timeout":10000}}
[debug] [2026-04-21T09:46:16.539Z] I0421 15:16:16.529063    3544 engine.go:209] [projects/emulator/locations/emulator/services/nikat 3e42] ExecuteGraphqlRead query IntrospectionQuery: succeeded. 
 {"metadata":{"emulator":{"name":"dataconnect"},"message":"I0421 15:16:16.529063    3544 engine.go:209] [projects/emulator/locations/emulator/services/nikat 3e42] ExecuteGraphqlRead query IntrospectionQuery: succeeded. \n"}}
[debug] [2026-04-21T09:51:17.637Z] [Firebase Plugin] Received emulators shutdown notification.
[debug] [2026-04-21T09:51:17.640Z] [Firebase Plugin] Received emulators shutdown notification.
